[debug] [2024-04-04T05:04:40.551Z] ----------------------------------------------------------------------
[debug] [2024-04-04T05:04:40.553Z] Command:       C:\Program Files\nodejs\node.exe C:\Program Files\nodejs\node_modules\firebase-tools\lib\bin\firebase.js init
[debug] [2024-04-04T05:04:40.553Z] CLI Version:   13.6.1
[debug] [2024-04-04T05:04:40.553Z] Platform:      win32
[debug] [2024-04-04T05:04:40.554Z] Node Version:  v18.13.0
[debug] [2024-04-04T05:04:40.554Z] Time:          Thu Apr 04 2024 10:34:40 GMT+0530 (India Standard Time)
[debug] [2024-04-04T05:04:40.554Z] ----------------------------------------------------------------------
[debug] 
[debug] [2024-04-04T05:04:40.623Z] > command requires scopes: ["email","openid","https://www.googleapis.com/auth/cloudplatformprojects.readonly","https://www.googleapis.com/auth/firebase","https://www.googleapis.com/auth/cloud-platform"]
[debug] [2024-04-04T05:04:40.624Z] > authorizing via signed-in user (hareshofficial96@gmail.com)
[info] 
     ######## #### ########  ######## ########     ###     ######  ########
     ##        ##  ##     ## ##       ##     ##  ##   ##  ##       ##
     ######    ##  ########  ######   ########  #########  ######  ######
     ##        ##  ##    ##  ##       ##     ## ##     ##       ## ##
     ##       #### ##     ## ######## ########  ##     ##  ######  ########

You're about to initialize a Firebase project in this directory:

  C:\Users\hares\Downloads\Angular-16 Blank Project

Before we get started, keep in mind:

  * You are initializing within an existing Firebase project directory

